[2025-01-04 10:23:53Z INFO HostContext] No proxy settings were found based on environmental variables (http_proxy/https_proxy/HTTP_PROXY/HTTPS_PROXY)
[2025-01-04 10:23:53Z INFO HostContext] Well known directory 'Bin': 'C:\Users\shukl\OneDrive\Documents\GitHub\Swigi-clone\src\components\actions-runner\bin'
[2025-01-04 10:23:53Z INFO HostContext] Well known directory 'Root': 'C:\Users\shukl\OneDrive\Documents\GitHub\Swigi-clone\src\components\actions-runner'
[2025-01-04 10:23:53Z INFO HostContext] Well known config file 'Credentials': 'C:\Users\shukl\OneDrive\Documents\GitHub\Swigi-clone\src\components\actions-runner\.credentials'
[2025-01-04 10:23:53Z INFO HostContext] Well known directory 'Bin': 'C:\Users\shukl\OneDrive\Documents\GitHub\Swigi-clone\src\components\actions-runner\bin'
[2025-01-04 10:23:53Z INFO HostContext] Well known directory 'Root': 'C:\Users\shukl\OneDrive\Documents\GitHub\Swigi-clone\src\components\actions-runner'
[2025-01-04 10:23:53Z INFO HostContext] Well known config file 'Runner': 'C:\Users\shukl\OneDrive\Documents\GitHub\Swigi-clone\src\components\actions-runner\.runner'
[2025-01-04 10:23:53Z INFO Listener] Runner is built for Windows (X64) - win-x64.
[2025-01-04 10:23:53Z INFO Listener] RuntimeInformation: Microsoft Windows 10.0.26100.
[2025-01-04 10:23:53Z INFO Listener] Version: 2.321.0
[2025-01-04 10:23:53Z INFO Listener] Commit: e249007931b7c8e857797fa259c167f0bd4f997a
[2025-01-04 10:23:53Z INFO Listener] Culture: en-IN
[2025-01-04 10:23:53Z INFO Listener] UI Culture: en-US
[2025-01-04 10:23:53Z INFO HostContext] Well known directory 'Bin': 'C:\Users\shukl\OneDrive\Documents\GitHub\Swigi-clone\src\components\actions-runner\bin'
[2025-01-04 10:23:53Z INFO HostContext] Well known directory 'Root': 'C:\Users\shukl\OneDrive\Documents\GitHub\Swigi-clone\src\components\actions-runner'
[2025-01-04 10:23:53Z INFO Listener] Validating directory permissions for: 'C:\Users\shukl\OneDrive\Documents\GitHub\Swigi-clone\src\components\actions-runner'
[2025-01-04 10:23:53Z INFO CommandLineParser] Parse
[2025-01-04 10:23:53Z INFO CommandLineParser] Parsing 1 args
[2025-01-04 10:23:53Z INFO CommandLineParser] parsing argument
[2025-01-04 10:23:53Z INFO CommandLineParser] HasArgs: False
[2025-01-04 10:23:53Z INFO CommandLineParser] Adding Command: configure
[2025-01-04 10:23:53Z INFO Listener] Arguments parsed
[2025-01-04 10:23:53Z INFO Runner] ExecuteCommand
[2025-01-04 10:23:53Z INFO ConfigurationStore] currentAssemblyLocation: C:\Users\shukl\OneDrive\Documents\GitHub\Swigi-clone\src\components\actions-runner\bin\Runner.Listener.dll
[2025-01-04 10:23:53Z INFO HostContext] Well known directory 'Bin': 'C:\Users\shukl\OneDrive\Documents\GitHub\Swigi-clone\src\components\actions-runner\bin'
[2025-01-04 10:23:53Z INFO ConfigurationStore] binPath: C:\Users\shukl\OneDrive\Documents\GitHub\Swigi-clone\src\components\actions-runner\bin
[2025-01-04 10:23:53Z INFO HostContext] Well known directory 'Bin': 'C:\Users\shukl\OneDrive\Documents\GitHub\Swigi-clone\src\components\actions-runner\bin'
[2025-01-04 10:23:53Z INFO HostContext] Well known directory 'Root': 'C:\Users\shukl\OneDrive\Documents\GitHub\Swigi-clone\src\components\actions-runner'
[2025-01-04 10:23:53Z INFO ConfigurationStore] RootFolder: C:\Users\shukl\OneDrive\Documents\GitHub\Swigi-clone\src\components\actions-runner
[2025-01-04 10:23:53Z INFO HostContext] Well known directory 'Bin': 'C:\Users\shukl\OneDrive\Documents\GitHub\Swigi-clone\src\components\actions-runner\bin'
[2025-01-04 10:23:53Z INFO HostContext] Well known directory 'Root': 'C:\Users\shukl\OneDrive\Documents\GitHub\Swigi-clone\src\components\actions-runner'
[2025-01-04 10:23:53Z INFO HostContext] Well known config file 'Runner': 'C:\Users\shukl\OneDrive\Documents\GitHub\Swigi-clone\src\components\actions-runner\.runner'
[2025-01-04 10:23:53Z INFO ConfigurationStore] ConfigFilePath: C:\Users\shukl\OneDrive\Documents\GitHub\Swigi-clone\src\components\actions-runner\.runner
[2025-01-04 10:23:53Z INFO HostContext] Well known directory 'Bin': 'C:\Users\shukl\OneDrive\Documents\GitHub\Swigi-clone\src\components\actions-runner\bin'
[2025-01-04 10:23:53Z INFO HostContext] Well known directory 'Root': 'C:\Users\shukl\OneDrive\Documents\GitHub\Swigi-clone\src\components\actions-runner'
[2025-01-04 10:23:53Z INFO HostContext] Well known config file 'Credentials': 'C:\Users\shukl\OneDrive\Documents\GitHub\Swigi-clone\src\components\actions-runner\.credentials'
[2025-01-04 10:23:53Z INFO ConfigurationStore] CredFilePath: C:\Users\shukl\OneDrive\Documents\GitHub\Swigi-clone\src\components\actions-runner\.credentials
[2025-01-04 10:23:53Z INFO HostContext] Well known directory 'Bin': 'C:\Users\shukl\OneDrive\Documents\GitHub\Swigi-clone\src\components\actions-runner\bin'
[2025-01-04 10:23:53Z INFO HostContext] Well known directory 'Root': 'C:\Users\shukl\OneDrive\Documents\GitHub\Swigi-clone\src\components\actions-runner'
[2025-01-04 10:23:53Z INFO HostContext] Well known config file 'MigratedCredentials': 'C:\Users\shukl\OneDrive\Documents\GitHub\Swigi-clone\src\components\actions-runner\.credentials_migrated'
[2025-01-04 10:23:53Z INFO ConfigurationStore] MigratedCredFilePath: C:\Users\shukl\OneDrive\Documents\GitHub\Swigi-clone\src\components\actions-runner\.credentials_migrated
[2025-01-04 10:23:53Z INFO HostContext] Well known directory 'Bin': 'C:\Users\shukl\OneDrive\Documents\GitHub\Swigi-clone\src\components\actions-runner\bin'
[2025-01-04 10:23:53Z INFO HostContext] Well known directory 'Root': 'C:\Users\shukl\OneDrive\Documents\GitHub\Swigi-clone\src\components\actions-runner'
[2025-01-04 10:23:53Z INFO HostContext] Well known config file 'Service': 'C:\Users\shukl\OneDrive\Documents\GitHub\Swigi-clone\src\components\actions-runner\.service'
[2025-01-04 10:23:53Z INFO ConfigurationStore] ServiceConfigFilePath: C:\Users\shukl\OneDrive\Documents\GitHub\Swigi-clone\src\components\actions-runner\.service
[2025-01-04 10:23:53Z INFO CommandSettings] Flag 'help': 'False'
[2025-01-04 10:23:53Z INFO CommandSettings] Flag 'version': 'False'
[2025-01-04 10:23:53Z INFO CommandSettings] Flag 'commit': 'False'
[2025-01-04 10:23:53Z INFO CommandSettings] Flag 'check': 'False'
[2025-01-04 10:23:53Z INFO CommandSettings] Command 'configure': 'True'
[2025-01-04 10:23:53Z INFO Terminal] WRITE LINE: 
[2025-01-04 10:23:53Z INFO Terminal] WRITE LINE: --------------------------------------------------------------------------------
[2025-01-04 10:23:53Z INFO Terminal] WRITE LINE: |        ____ _ _   _   _       _          _        _   _                      |
[2025-01-04 10:23:53Z INFO Terminal] WRITE LINE: |       / ___(_) |_| | | |_   _| |__      / \   ___| |_(_) ___  _ __  ___      |
[2025-01-04 10:23:53Z INFO Terminal] WRITE LINE: |      | |  _| | __| |_| | | | | '_ \    / _ \ / __| __| |/ _ \| '_ \/ __|     |
[2025-01-04 10:23:53Z INFO Terminal] WRITE LINE: |      | |_| | | |_|  _  | |_| | |_) |  / ___ \ (__| |_| | (_) | | | \__ \     |
[2025-01-04 10:23:53Z INFO Terminal] WRITE LINE: |       \____|_|\__|_| |_|\__,_|_.__/  /_/   \_\___|\__|_|\___/|_| |_|___/     |
[2025-01-04 10:23:53Z INFO Terminal] WRITE LINE: |                                                                              |
[2025-01-04 10:23:53Z INFO Terminal] WRITE: |                       
[2025-01-04 10:23:53Z INFO Terminal] WRITE: Self-hosted runner registration
[2025-01-04 10:23:53Z INFO Terminal] WRITE LINE:                         |
[2025-01-04 10:23:53Z INFO Terminal] WRITE LINE: |                                                                              |
[2025-01-04 10:23:53Z INFO Terminal] WRITE LINE: --------------------------------------------------------------------------------
[2025-01-04 10:23:53Z INFO ConfigurationManager] ConfigureAsync
[2025-01-04 10:23:53Z INFO CommandSettings] Flag 'generateServiceConfig': 'False'
[2025-01-04 10:23:53Z INFO ConfigurationStore] IsConfigured()
[2025-01-04 10:23:53Z INFO ConfigurationStore] IsConfigured: False
[2025-01-04 10:23:53Z INFO ConfigurationManager] Is configured: False
[2025-01-04 10:23:53Z INFO CommandSettings] Arg 'url': ''
[2025-01-04 10:23:53Z INFO CommandSettings] Flag 'unattended': 'False'
[2025-01-04 10:23:53Z INFO PromptManager] ReadValue
[2025-01-04 10:23:53Z INFO Terminal] WRITE: What is the URL of your repository? 
[2025-01-04 10:23:53Z INFO Terminal] READ LINE
[2025-01-04 10:24:04Z INFO Terminal] Read value: 'https://github.com/Sanskriti65/Swigi-clone'
[2025-01-04 10:24:04Z INFO CommandSettings] Arg 'token': ''
[2025-01-04 10:24:04Z INFO CommandSettings] Flag 'unattended': 'False'
[2025-01-04 10:24:04Z INFO PromptManager] ReadValue
[2025-01-04 10:24:04Z INFO Terminal] WRITE: What is your runner register token? 
[2025-01-04 10:24:04Z INFO Terminal] READ SECRET
