[2025-01-04 10:07:50Z INFO HostContext] No proxy settings were found based on environmental variables (http_proxy/https_proxy/HTTP_PROXY/HTTPS_PROXY)
[2025-01-04 10:07:50Z INFO HostContext] Well known directory 'Bin': 'C:\Users\shukl\OneDrive\Documents\GitHub\Swigi-clone\src\components\actions-runner\bin'
[2025-01-04 10:07:50Z INFO HostContext] Well known directory 'Root': 'C:\Users\shukl\OneDrive\Documents\GitHub\Swigi-clone\src\components\actions-runner'
[2025-01-04 10:07:50Z INFO HostContext] Well known config file 'Credentials': 'C:\Users\shukl\OneDrive\Documents\GitHub\Swigi-clone\src\components\actions-runner\.credentials'
[2025-01-04 10:07:50Z INFO HostContext] Well known directory 'Bin': 'C:\Users\shukl\OneDrive\Documents\GitHub\Swigi-clone\src\components\actions-runner\bin'
[2025-01-04 10:07:50Z INFO HostContext] Well known directory 'Root': 'C:\Users\shukl\OneDrive\Documents\GitHub\Swigi-clone\src\components\actions-runner'
[2025-01-04 10:07:50Z INFO HostContext] Well known config file 'Runner': 'C:\Users\shukl\OneDrive\Documents\GitHub\Swigi-clone\src\components\actions-runner\.runner'
[2025-01-04 10:07:50Z INFO Listener] Runner is built for Windows (X64) - win-x64.
[2025-01-04 10:07:50Z INFO Listener] RuntimeInformation: Microsoft Windows 10.0.26100.
[2025-01-04 10:07:50Z INFO Listener] Version: 2.321.0
[2025-01-04 10:07:50Z INFO Listener] Commit: e249007931b7c8e857797fa259c167f0bd4f997a
[2025-01-04 10:07:50Z INFO Listener] Culture: en-IN
[2025-01-04 10:07:50Z INFO Listener] UI Culture: en-US
[2025-01-04 10:07:50Z INFO HostContext] Well known directory 'Bin': 'C:\Users\shukl\OneDrive\Documents\GitHub\Swigi-clone\src\components\actions-runner\bin'
[2025-01-04 10:07:50Z INFO HostContext] Well known directory 'Root': 'C:\Users\shukl\OneDrive\Documents\GitHub\Swigi-clone\src\components\actions-runner'
[2025-01-04 10:07:50Z INFO Listener] Validating directory permissions for: 'C:\Users\shukl\OneDrive\Documents\GitHub\Swigi-clone\src\components\actions-runner'
[2025-01-04 10:07:50Z INFO CommandLineParser] Parse
[2025-01-04 10:07:50Z INFO CommandLineParser] Parsing 1 args
[2025-01-04 10:07:50Z INFO CommandLineParser] parsing argument
[2025-01-04 10:07:50Z INFO CommandLineParser] HasArgs: False
[2025-01-04 10:07:50Z INFO CommandLineParser] Adding Command: run
[2025-01-04 10:07:50Z INFO Listener] Arguments parsed
[2025-01-04 10:07:50Z INFO Runner] ExecuteCommand
[2025-01-04 10:07:50Z INFO ConfigurationStore] currentAssemblyLocation: C:\Users\shukl\OneDrive\Documents\GitHub\Swigi-clone\src\components\actions-runner\bin\Runner.Listener.dll
[2025-01-04 10:07:50Z INFO HostContext] Well known directory 'Bin': 'C:\Users\shukl\OneDrive\Documents\GitHub\Swigi-clone\src\components\actions-runner\bin'
[2025-01-04 10:07:50Z INFO ConfigurationStore] binPath: C:\Users\shukl\OneDrive\Documents\GitHub\Swigi-clone\src\components\actions-runner\bin
[2025-01-04 10:07:50Z INFO HostContext] Well known directory 'Bin': 'C:\Users\shukl\OneDrive\Documents\GitHub\Swigi-clone\src\components\actions-runner\bin'
[2025-01-04 10:07:50Z INFO HostContext] Well known directory 'Root': 'C:\Users\shukl\OneDrive\Documents\GitHub\Swigi-clone\src\components\actions-runner'
[2025-01-04 10:07:50Z INFO ConfigurationStore] RootFolder: C:\Users\shukl\OneDrive\Documents\GitHub\Swigi-clone\src\components\actions-runner
[2025-01-04 10:07:50Z INFO HostContext] Well known directory 'Bin': 'C:\Users\shukl\OneDrive\Documents\GitHub\Swigi-clone\src\components\actions-runner\bin'
[2025-01-04 10:07:50Z INFO HostContext] Well known directory 'Root': 'C:\Users\shukl\OneDrive\Documents\GitHub\Swigi-clone\src\components\actions-runner'
[2025-01-04 10:07:50Z INFO HostContext] Well known config file 'Runner': 'C:\Users\shukl\OneDrive\Documents\GitHub\Swigi-clone\src\components\actions-runner\.runner'
[2025-01-04 10:07:50Z INFO ConfigurationStore] ConfigFilePath: C:\Users\shukl\OneDrive\Documents\GitHub\Swigi-clone\src\components\actions-runner\.runner
[2025-01-04 10:07:50Z INFO HostContext] Well known directory 'Bin': 'C:\Users\shukl\OneDrive\Documents\GitHub\Swigi-clone\src\components\actions-runner\bin'
[2025-01-04 10:07:50Z INFO HostContext] Well known directory 'Root': 'C:\Users\shukl\OneDrive\Documents\GitHub\Swigi-clone\src\components\actions-runner'
[2025-01-04 10:07:50Z INFO HostContext] Well known config file 'Credentials': 'C:\Users\shukl\OneDrive\Documents\GitHub\Swigi-clone\src\components\actions-runner\.credentials'
[2025-01-04 10:07:50Z INFO ConfigurationStore] CredFilePath: C:\Users\shukl\OneDrive\Documents\GitHub\Swigi-clone\src\components\actions-runner\.credentials
[2025-01-04 10:07:50Z INFO HostContext] Well known directory 'Bin': 'C:\Users\shukl\OneDrive\Documents\GitHub\Swigi-clone\src\components\actions-runner\bin'
[2025-01-04 10:07:50Z INFO HostContext] Well known directory 'Root': 'C:\Users\shukl\OneDrive\Documents\GitHub\Swigi-clone\src\components\actions-runner'
[2025-01-04 10:07:50Z INFO HostContext] Well known config file 'MigratedCredentials': 'C:\Users\shukl\OneDrive\Documents\GitHub\Swigi-clone\src\components\actions-runner\.credentials_migrated'
[2025-01-04 10:07:50Z INFO ConfigurationStore] MigratedCredFilePath: C:\Users\shukl\OneDrive\Documents\GitHub\Swigi-clone\src\components\actions-runner\.credentials_migrated
[2025-01-04 10:07:50Z INFO HostContext] Well known directory 'Bin': 'C:\Users\shukl\OneDrive\Documents\GitHub\Swigi-clone\src\components\actions-runner\bin'
[2025-01-04 10:07:50Z INFO HostContext] Well known directory 'Root': 'C:\Users\shukl\OneDrive\Documents\GitHub\Swigi-clone\src\components\actions-runner'
[2025-01-04 10:07:50Z INFO HostContext] Well known config file 'Service': 'C:\Users\shukl\OneDrive\Documents\GitHub\Swigi-clone\src\components\actions-runner\.service'
[2025-01-04 10:07:50Z INFO ConfigurationStore] ServiceConfigFilePath: C:\Users\shukl\OneDrive\Documents\GitHub\Swigi-clone\src\components\actions-runner\.service
[2025-01-04 10:07:50Z INFO CommandSettings] Flag 'help': 'False'
[2025-01-04 10:07:50Z INFO CommandSettings] Flag 'version': 'False'
[2025-01-04 10:07:50Z INFO CommandSettings] Flag 'commit': 'False'
[2025-01-04 10:07:50Z INFO CommandSettings] Flag 'check': 'False'
[2025-01-04 10:07:50Z INFO CommandSettings] Command 'configure': 'False'
[2025-01-04 10:07:50Z INFO CommandSettings] Command 'remove': 'False'
[2025-01-04 10:07:50Z INFO CommandSettings] Command 'warmup': 'False'
[2025-01-04 10:07:50Z INFO ConfigurationManager] LoadSettings
[2025-01-04 10:07:50Z INFO ConfigurationStore] IsConfigured()
[2025-01-04 10:07:50Z INFO ConfigurationStore] IsConfigured: False
[2025-01-04 10:07:50Z INFO ConfigurationManager] Is configured: False
[2025-01-04 10:07:50Z ERR  Terminal] WRITE ERROR: An error occurred: Not configured. Run config.(sh/cmd) to configure the runner.
[2025-01-04 10:07:51Z ERR  Listener] GitHub.Runner.Common.NonRetryableException: Not configured. Run config.(sh/cmd) to configure the runner.
   at GitHub.Runner.Listener.Configuration.ConfigurationManager.LoadSettings()
   at GitHub.Runner.Listener.Runner.ExecuteCommand(CommandSettings command)
   at GitHub.Runner.Listener.Program.MainAsync(IHostContext context, String[] args)
